<?xml version="1.0" encoding="UTF-8"?>
<!-- Generated by org.testng.reporters.JUnitReportReporter -->
<testsuite skipped="0" hostname="DESKTOP-MBCOM89" name="test.LoginTest" tests="1" failures="0" timestamp="2020-07-23T19:30:13 CDT" time="9.552" errors="0">
  <testcase name="ValidUserShoudBeLogin" time="9.552" classname="test.LoginTest"/>
  <system-out/>
</testsuite> <!-- test.LoginTest -->
